TN:
SF:src\modules\teachers\services\CreateClassScheduleService.ts
FN:14,(anonymous_18)
FN:15,CreateClassScheduleService
FN:20,(anonymous_20)
FNF:3
FNH:3
FNDA:1,(anonymous_18)
FNDA:2,CreateClassScheduleService
FNDA:3,(anonymous_20)
DA:2,1
DA:3,1
DA:14,1
DA:17,2
DA:20,1
DA:21,3
DA:22,3
DA:23,3
DA:24,3
DA:26,3
DA:29,3
DA:30,1
DA:33,2
DA:39,2
DA:41,1
DA:42,1
LF:16
LH:16
BRDA:26,0,0,3
BRDA:29,1,0,1
BRDA:29,1,1,2
BRF:3
BRH:3
end_of_record
TN:
SF:src\modules\teachers\services\CreateClassService.ts
FN:12,(anonymous_18)
FN:13,CreateClassService
FN:18,(anonymous_20)
FNF:3
FNH:3
FNDA:1,(anonymous_18)
FNDA:2,CreateClassService
FNDA:3,(anonymous_20)
DA:1,1
DA:3,1
DA:12,1
DA:15,2
DA:18,3
DA:19,3
DA:20,3
DA:21,1
DA:24,2
DA:30,2
DA:32,1
DA:33,1
LF:12
LH:12
BRDA:19,0,0,3
BRDA:20,1,0,1
BRDA:20,1,1,2
BRF:3
BRH:3
end_of_record
TN:
SF:src\modules\users\services\AuthenticateUserService.ts
FN:19,(anonymous_18)
FN:20,AuthenticateUserService
FN:28,(anonymous_20)
FNF:3
FNH:3
FNDA:1,(anonymous_18)
FNDA:3,AuthenticateUserService
FNDA:3,(anonymous_20)
DA:1,1
DA:2,1
DA:3,1
DA:5,1
DA:19,1
DA:22,3
DA:25,3
DA:28,3
DA:29,3
DA:31,3
DA:32,1
DA:35,2
DA:40,2
DA:41,1
DA:44,1
DA:46,1
DA:51,1
DA:56,1
DA:58,1
LF:19
LH:19
BRDA:29,0,0,3
BRDA:31,1,0,1
BRDA:31,1,1,2
BRDA:40,2,0,1
BRDA:40,2,1,1
BRF:5
BRH:5
end_of_record
TN:
SF:src\modules\users\services\CreateUserService.ts
FN:15,(anonymous_18)
FN:16,CreateUserService
FN:23,(anonymous_20)
FNF:3
FNH:3
FNDA:2,(anonymous_18)
FNDA:5,CreateUserService
FNDA:5,(anonymous_20)
DA:2,2
DA:3,2
DA:15,2
DA:18,5
DA:20,5
DA:23,2
DA:24,5
DA:25,5
DA:26,5
DA:27,5
DA:29,5
DA:30,5
DA:31,1
DA:34,4
DA:36,4
DA:43,4
DA:45,2
DA:46,2
LF:18
LH:18
BRDA:29,0,0,5
BRDA:30,1,0,1
BRDA:30,1,1,4
BRF:3
BRH:3
end_of_record
TN:
SF:src\modules\users\services\ResetPasswordService.ts
FN:14,(anonymous_18)
FN:15,ResetPasswordService
FN:26,(anonymous_20)
FNF:3
FNH:3
FNDA:1,(anonymous_18)
FNDA:4,ResetPasswordService
FNDA:4,(anonymous_20)
DA:1,1
DA:2,1
DA:3,1
DA:14,1
DA:17,4
DA:20,4
DA:23,4
DA:26,4
DA:27,4
DA:28,4
DA:29,1
DA:31,3
DA:33,3
DA:34,1
DA:37,2
DA:38,2
DA:40,2
DA:41,1
DA:44,1
DA:46,2
DA:48,1
DA:49,1
LF:22
LH:22
BRDA:27,0,0,4
BRDA:28,1,0,1
BRDA:28,1,1,3
BRDA:33,2,0,1
BRDA:33,2,1,2
BRDA:40,3,0,1
BRDA:40,3,1,1
BRF:7
BRH:7
end_of_record
TN:
SF:src\modules\users\services\SendForgotPasswordEmailService.ts
FN:14,(anonymous_18)
FN:15,SendForgotPasswordEmailService
FN:26,(anonymous_20)
FNF:3
FNH:3
FNDA:1,(anonymous_18)
FNDA:3,SendForgotPasswordEmailService
FNDA:3,(anonymous_20)
DA:2,1
DA:3,1
DA:5,1
DA:14,1
DA:17,3
DA:20,3
DA:23,3
DA:26,3
DA:27,3
DA:29,3
DA:30,1
DA:33,2
DA:35,2
DA:42,4
DA:57,1
DA:58,1
LF:16
LH:16
BRDA:27,0,0,3
BRDA:29,1,0,1
BRDA:29,1,1,2
BRF:3
BRH:3
end_of_record
TN:
SF:src\modules\users\services\UpdateUserAvatarService.ts
FN:12,(anonymous_18)
FN:13,UpdateUserAvatarService
FN:21,(anonymous_20)
FNF:3
FNH:3
FNDA:1,(anonymous_18)
FNDA:3,UpdateUserAvatarService
FNDA:4,(anonymous_20)
DA:2,1
DA:3,1
DA:12,1
DA:15,3
DA:18,3
DA:21,4
DA:22,4
DA:23,4
DA:24,1
DA:26,5
DA:28,2
DA:31,3
DA:33,3
DA:34,6
DA:36,3
DA:38,1
DA:39,1
LF:17
LH:17
BRDA:22,0,0,4
BRDA:22,0,1,3
BRDA:23,1,0,1
BRDA:23,1,1,3
BRDA:26,2,0,2
BRDA:26,2,1,1
BRF:6
BRH:6
end_of_record
